CRITICAL - 2023-03-06 20:16:59 --> Invalid file: "main/home.php"
in SYSTEMPATH/Exceptions/FrameworkException.php on line 33.
 1 SYSTEMPATH/View/View.php(201): CodeIgniter\Exceptions\FrameworkException::forInvalidFile('main/home.php')
 2 SYSTEMPATH/Common.php(1184): CodeIgniter\View\View->render('main/home', [], true)
 3 APPPATH/Controllers/Home.php(9): view('main/home')
 4 SYSTEMPATH/CodeIgniter.php(934): App\Controllers\Home->index()
 5 SYSTEMPATH/CodeIgniter.php(499): CodeIgniter\CodeIgniter->runController(Object(App\Controllers\Home))
 6 SYSTEMPATH/CodeIgniter.php(368): CodeIgniter\CodeIgniter->handleRequest(null, Object(Config\Cache), false)
 7 FCPATH/index.php(67): CodeIgniter\CodeIgniter->run()
CRITICAL - 2023-03-06 20:17:36 --> Invalid file: "layouts/footer.php"
in SYSTEMPATH/Exceptions/FrameworkException.php on line 33.
 1 SYSTEMPATH/View/View.php(201): CodeIgniter\Exceptions\FrameworkException::forInvalidFile('layouts/footer.php')
 2 SYSTEMPATH/View/View.php(431): CodeIgniter\View\View->render('layouts/footer', null, true)
 3 APPPATH/Views/main/home.php(259): CodeIgniter\View\View->include('layouts/footer')
 4 SYSTEMPATH/View/View.php(213): include('APPPATH/Views/main/home.php')
 5 SYSTEMPATH/View/View.php(216): CodeIgniter\View\View->CodeIgniter\View\{closure}()
 6 SYSTEMPATH/Common.php(1184): CodeIgniter\View\View->render('main/home', [], true)
 7 APPPATH/Controllers/Home.php(9): view('main/home')
 8 SYSTEMPATH/CodeIgniter.php(934): App\Controllers\Home->index()
 9 SYSTEMPATH/CodeIgniter.php(499): CodeIgniter\CodeIgniter->runController(Object(App\Controllers\Home))
10 SYSTEMPATH/CodeIgniter.php(368): CodeIgniter\CodeIgniter->handleRequest(null, Object(Config\Cache), false)
11 FCPATH/index.php(67): CodeIgniter\CodeIgniter->run()
CRITICAL - 2023-03-06 20:19:06 --> Invalid file: "main/contact.php"
in SYSTEMPATH/Exceptions/FrameworkException.php on line 33.
 1 SYSTEMPATH/View/View.php(201): CodeIgniter\Exceptions\FrameworkException::forInvalidFile('main/contact.php')
 2 SYSTEMPATH/Common.php(1184): CodeIgniter\View\View->render('main/contact', [], true)
 3 APPPATH/Controllers/Home.php(14): view('main/contact')
 4 SYSTEMPATH/CodeIgniter.php(934): App\Controllers\Home->contactusView()
 5 SYSTEMPATH/CodeIgniter.php(499): CodeIgniter\CodeIgniter->runController(Object(App\Controllers\Home))
 6 SYSTEMPATH/CodeIgniter.php(368): CodeIgniter\CodeIgniter->handleRequest(null, Object(Config\Cache), false)
 7 FCPATH/index.php(67): CodeIgniter\CodeIgniter->run()
