CRITICAL - 2023-03-29 10:43:05 --> Undefined variable $date
in APPPATH/Views/main/home.php on line 2.
 1 APPPATH/Views/main/home.php(2): CodeIgniter\Debug\Exceptions->errorHandler(2, 'Undefined variable $date', 'APPPATH/Views/main/home.php', 2)
 2 SYSTEMPATH/View/View.php(213): include('APPPATH/Views/main/home.php')
 3 SYSTEMPATH/View/View.php(216): CodeIgniter\View\View->CodeIgniter\View\{closure}()
 4 SYSTEMPATH/Common.php(1184): CodeIgniter\View\View->render('main/home', [], true)
 5 APPPATH/Controllers/Home.php(9): view('main/home')
 6 SYSTEMPATH/CodeIgniter.php(934): App\Controllers\Home->index()
 7 SYSTEMPATH/CodeIgniter.php(499): CodeIgniter\CodeIgniter->runController(Object(App\Controllers\Home))
 8 SYSTEMPATH/CodeIgniter.php(368): CodeIgniter\CodeIgniter->handleRequest(null, Object(Config\Cache), false)
 9 FCPATH/index.php(67): CodeIgniter\CodeIgniter->run()
CRITICAL - 2023-03-29 10:43:50 --> Undefined variable $date
in APPPATH/Views/main/home.php on line 2.
 1 APPPATH/Views/main/home.php(2): CodeIgniter\Debug\Exceptions->errorHandler(2, 'Undefined variable $date', 'APPPATH/Views/main/home.php', 2)
 2 SYSTEMPATH/View/View.php(213): include('APPPATH/Views/main/home.php')
 3 SYSTEMPATH/View/View.php(216): CodeIgniter\View\View->CodeIgniter\View\{closure}()
 4 SYSTEMPATH/Common.php(1184): CodeIgniter\View\View->render('main/home', [], true)
 5 APPPATH/Controllers/Home.php(9): view('main/home')
 6 SYSTEMPATH/CodeIgniter.php(934): App\Controllers\Home->index()
 7 SYSTEMPATH/CodeIgniter.php(499): CodeIgniter\CodeIgniter->runController(Object(App\Controllers\Home))
 8 SYSTEMPATH/CodeIgniter.php(368): CodeIgniter\CodeIgniter->handleRequest(null, Object(Config\Cache), false)
 9 FCPATH/index.php(67): CodeIgniter\CodeIgniter->run()
